<?xml version="1.0" encoding="UTF-8"?>
<testng-results skipped="0" failed="0" ignored="0" total="1" passed="1">
  <reporter-output>
  </reporter-output>
  <suite name="Default suite" duration-ms="17754" started-at="2020-04-11T11:39:05Z" finished-at="2020-04-11T11:39:23Z">
    <groups>
    </groups>
    <test name="Default test" duration-ms="17754" started-at="2020-04-11T11:39:05Z" finished-at="2020-04-11T11:39:23Z">
      <class name="EconomistDigitalSolutions.CreatingAnAccount">
        <test-method status="PASS" signature="launchApplication()[pri:0, instance:EconomistDigitalSolutions.CreatingAnAccount@7a9273a8]" name="launchApplication" is-config="true" duration-ms="10602" started-at="2020-04-11T11:39:05Z" finished-at="2020-04-11T11:39:16Z">
          <reporter-output>
          </reporter-output>
        </test-method> <!-- launchApplication -->
        <test-method status="PASS" signature="SignIn()[pri:0, instance:EconomistDigitalSolutions.CreatingAnAccount@7a9273a8]" name="SignIn" duration-ms="7111" started-at="2020-04-11T11:39:16Z" finished-at="2020-04-11T11:39:23Z">
          <reporter-output>
          </reporter-output>
        </test-method> <!-- SignIn -->
      </class> <!-- EconomistDigitalSolutions.CreatingAnAccount -->
    </test> <!-- Default test -->
  </suite> <!-- Default suite -->
</testng-results>
